<?xml version="1.0" encoding="UTF-8"?>
<testsuite name="jobSearchTest"
           tests="7"
           failures="0"
           errors="0"
           skipped="0"
           time="73.605">
  <properties />
  
  
            <testcase name="verifyJobSearchResultUsingDifferentDataSet" time="10.629" classname="uk.co.library.testsuite.JobSearchTest" />
                <testcase name="verifyJobSearchResultUsingDifferentDataSet" time="11.381" classname="uk.co.library.testsuite.JobSearchTest" />
                <testcase name="verifyJobSearchResultUsingDifferentDataSet" time="10.437" classname="uk.co.library.testsuite.JobSearchTest" />
                <testcase name="verifyJobSearchResultUsingDifferentDataSet" time="9.887" classname="uk.co.library.testsuite.JobSearchTest" />
                <testcase name="verifyJobSearchResultUsingDifferentDataSet" time="10.312" classname="uk.co.library.testsuite.JobSearchTest" />
                <testcase name="verifyJobSearchResultUsingDifferentDataSet" time="10.733" classname="uk.co.library.testsuite.JobSearchTest" />
                <testcase name="verifyJobSearchResultUsingDifferentDataSet" time="10.226" classname="uk.co.library.testsuite.JobSearchTest" />
      
</testsuite>
